ACTA-Hold 3-Overweight overall= CB
AL-Hold 3-Overweight overall= CB
AYX-Hold 3-Buy overall= CA
ARQL-Hold 3-Overweight overall= CB
AZN-Hold 3-Overweight overall= CB
AVID-Hold 3-Overweight overall= CB
AZUL-Hold 3-Buy overall= CA
BDSI-Hold 3-Buy overall= CA
BTX-Hold 3-Buy overall= CA
CJ-Hold 3-Buy overall= CA
CAA-Hold 3-Overweight overall= CB
CWH-Hold 3-Buy overall= CA
CDNA-Buy 2-Buy overall= BA
CRL-Buy 2-Overweight overall= BB
XRF-Hold 3-Buy overall= CA
CLFD-Hold 3-Buy overall= CA
COT-Hold 3-Overweight overall= CB
DHI-Hold 3-Overweight overall= CB
DIN-Hold 3-Overweight overall= CB
EMAN-Hold 3-Overweight overall= CB
ERF-Hold 3-Buy overall= CA
FLY-Hold 3-Overweight overall= CB
FC-Hold 3-Overweight overall= CB
GMRE-Hold 3-Buy overall= CA
GWRS-Hold 3-Buy overall= CA
GWGH-Hold 3-Buy overall= CA
HTZ-Buy 2-Hold overall= BC
HIMX-Hold 3-Overweight overall= CB
HSGX-Hold 3-Buy overall= CA
IDSY-Hold 3-Overweight overall= CB
ICUI-Hold 3-Overweight overall= CB
IPWR-Hold 3-Buy overall= CA
INCR-Hold 3-Overweight overall= CB
ITCI-Hold 3-Buy overall= CA
JJSF-Hold 3-Overweight overall= CB
JAX-Hold 3-Buy overall= CA
JCI-Hold 3-Overweight overall= CB
KRP-Hold 3-Buy overall= CA
KINS-Hold 3-Buy overall= CA
KLDX-Hold 3-Overweight overall= CB
KSS-Buy 2-Hold overall= BC
KOP-Strong Buy 1-Hold overall= AC
QVCA-Buy 2-Overweight overall= BB
FWONK-Strong Buy 1-Overweight overall= AB
FWONA-Hold 3-Overweight overall= CB
LGND-Strong Buy 1-Buy overall= AA
LGF.A-Strong Buy 1-Buy overall= AA
MGA-Hold 3-Overweight overall= CB
MTLS-Buy 2-Buy overall= BA
MCFT-Hold 3-Overweight overall= CB
MSCC-Hold 3-Buy overall= CA
NEON-Hold 3-Overweight overall= CB
UEPS-Hold 3-Overweight overall= CB
NWSA-Buy 2-Overweight overall= BB
NVDA-Strong Buy 1-Overweight overall= AB
ONVO-Buy 2-Buy overall= BA
PRTY-Hold 3-Overweight overall= CB
PRGO-Hold 3-Overweight overall= CB
PBYI-Hold 3-Buy overall= CA
QTM-Hold 3-Buy overall= CA
QTRH-Buy 2-Buy overall= BA
RDNT-Hold 3-Buy overall= CA
RDFN-Hold 3-Overweight overall= CB
SPNS-Hold 3-Overweight overall= CB
SND-Hold 3-Overweight overall= CB
SCM-Hold 3-Overweight overall= CB
SSKN-Hold 3-Buy overall= CA
SDPI-Hold 3-Buy overall= CA
SUP-Hold 3-Overweight overall= CB
TLND-Hold 3-Buy overall= CA
TGEN-Hold 3-Buy overall= CA
TU-Hold 3-Overweight overall= CB
TTI-Hold 3-Buy overall= CA
TGH-Hold 3-Overweight overall= CB
DXYN-Hold 3-Overweight overall= CB
XONE-Hold 3-Overweight overall= CB
JYNT-Hold 3-Buy overall= CA
TSG-Buy 2-Overweight overall= BB
TRP-Hold 3-Buy overall= CA
TRXC-Hold 3-Overweight overall= CB
TPB-Hold 3-Buy overall= CA
TPC-Hold 3-Buy overall= CA
HTM-Hold 3-Buy overall= CA
UBNT-Buy 2-Hold overall= BC
UPLD-Hold 3-Buy overall= CA
VREX-Hold 3-Overweight overall= CB
VSM-Hold 3-Overweight overall= CB
VJET-Hold 3-Buy overall= CA
WPM-Hold 3-Buy overall= CA
