GOLF-Hold 3-Overweight overall= CB
IOTS-Hold 3-Buy overall= CA
ALRM-Hold 3-Overweight overall= CB
ALB-Buy 2-Overweight overall= BB
DOX-Hold 3-Overweight overall= CB
FOLD-Hold 3-Buy overall= CA
AMRS-Hold 3-Overweight overall= CB
ANDV-Hold 3-Overweight overall= CB
ANDX-Hold 3-Overweight overall= CB
ANGI-Hold 3-Overweight overall= CB
ARCO-Hold 3-Buy overall= CA
ARTX-Hold 3-Buy overall= CA
ATHX-Hold 3-Buy overall= CA
BTG-Hold 3-Buy overall= CA
BRS-Buy 2-Hold overall= BC
CABO-Hold 3-Overweight overall= CB
CARS-Hold 3-Overweight overall= CB
CECE-Hold 3-Overweight overall= CB
GIB-Buy 2-Overweight overall= BB
WSJ no average price found for stockCISN
CHUBA-Hold 3-Overweight overall= CB
CODI-Hold 3-Buy overall= CA
CXW-Hold 3-Overweight overall= CB
CSOD-Hold 3-Overweight overall= CB
BREW-Hold 3-Overweight overall= CB
DK-Hold 3-Overweight overall= CB
ECA-Hold 3-Overweight overall= CB
EGN-Hold 3-Overweight overall= CB
WATT-Hold 3-Overweight overall= CB
EFOI-Hold 3-Overweight overall= CB
ENS-Hold 3-Overweight overall= CB
ENV-Buy 2-Overweight overall= BB
EPR-Hold 3-Overweight overall= CB
FIVN-Hold 3-Overweight overall= CB
FLO-Hold 3-Overweight overall= CB
GPN-Buy 2-Overweight overall= BB
GOL-Hold 3-Overweight overall= CB
GDP-Hold 3-Buy overall= CA
HSC-Hold 3-Buy overall= CA
HRI-Buy 2-Overweight overall= BB
TWNK-Hold 3-Overweight overall= CB
HUM-Hold 3-Overweight overall= CB
IAC-Strong Buy 1-Buy overall= AA
IMPV-Strong Buy 1-Overweight overall= AB
III-Hold 3-Buy overall= CA
IPAR-Buy 2-Overweight overall= BB
INVH-Buy 2-Buy overall= BA
JAG-Hold 3-Buy overall= CA
KGC-Hold 3-Overweight overall= CB
LINC-Hold 3-Buy overall= CA
MFC-Buy 2-Overweight overall= BB
MXWL-Hold 3-Overweight overall= CB
MGP-Hold 3-Overweight overall= CB
MIME-Hold 3-Buy overall= CA
NGHC-Hold 3-Buy overall= CA
NHI-Buy 2-Hold overall= BC
NVGS-Hold 3-Buy overall= CA
NVEE-Hold 3-Buy overall= CA
OTIV-Hold 3-Buy overall= CA
ORN-Hold 3-Overweight overall= CB
PAAS-Hold 3-Overweight overall= CB
FRSH-Hold 3-Overweight overall= CB
PCTI-Hold 3-Buy overall= CA
PVAC-Hold 3-Buy overall= CA
PFGC-Buy 2-Overweight overall= BB
PCOM-Hold 3-Buy overall= CA
QUIK-Hold 3-Buy overall= CA
RNG-Hold 3-Buy overall= CA
ROK-Buy 2-Hold overall= BC
ROKU-Hold 3-Overweight overall= CB
SREV-Hold 3-Overweight overall= CB
SVM-Hold 3-Overweight overall= CB
SITE-Hold 3-Overweight overall= CB
SEDG-Hold 3-Overweight overall= CB
SQ-Buy 2-Overweight overall= BB
STAA-Hold 3-Overweight overall= CB
SRT-Hold 3-Overweight overall= CB
SFR-Hold 3-Overweight overall= CB
SLF-Hold 3-Overweight overall= CB
STKL-Buy 2-Buy overall= BA
RUN-Hold 3-Overweight overall= CB
SRDX-Hold 3-Overweight overall= CB
TTGT-Hold 3-Buy overall= CA
TGNA-Hold 3-Overweight overall= CB
TTEK-Hold 3-Overweight overall= CB
CHEF-Hold 3-Overweight overall= CB
TPIC-Strong Buy 1-Overweight overall= AB
FOXA-Hold 3-Overweight overall= CB
TWLO-Hold 3-Overweight overall= CB
VVV-Buy 2-Overweight overall= BB
WEN-Hold 3-Overweight overall= CB
WHLR-Strong Buy 1-Overweight overall= AB
WRD-Buy 2-Buy overall= BA
WIX-Hold 3-Overweight overall= CB
