ARES-Hold 3-Buy overall= CA
BIP-Strong Buy 1-Overweight overall= AB
BPL-Hold 3-Overweight overall= CB
CBG-Buy 2-Overweight overall= BB
CNP-Buy 2-Hold overall= BC
FTS-Hold 3-Overweight overall= CB
ROCK-Hold 3-Buy overall= CA
HRC-Buy 2-Overweight overall= BB
HMSY-Hold 3-Buy overall= CA
IMGN-Hold 3-Overweight overall= CB
MCO-Buy 2-Hold overall= BC
OFS-Hold 3-Overweight overall= CB
DOC-Hold 3-Overweight overall= CB
PNW-Buy 2-Hold overall= BC
ROLL-Hold 3-Overweight overall= CB
RLGY-Buy 2-Overweight overall= BB
SN-Hold 3-Overweight overall= CB
SHLX-Hold 3-Overweight overall= CB
SOI-Buy 2-Buy overall= BA
BID-Hold 3-Buy overall= CA
MSG-Hold 3-Overweight overall= CB
USCR-Hold 3-Buy overall= CA
