ACXM-Hold 3-Buy overall= CA
HIVE-Hold 3-Overweight overall= CB
ALE-Strong Buy 1-Hold overall= AC
AMOT-Hold 3-Overweight overall= CB
AR-Hold 3-Overweight overall= CB
ARI-Buy 2-Hold overall= BC
APO-Hold 3-Overweight overall= CB
ARC-Hold 3-Buy overall= CA
ARRS-Hold 3-Buy overall= CA
AHP-Hold 3-Overweight overall= CB
ATRC-Hold 3-Overweight overall= CB
AXGN-Hold 3-Buy overall= CA
BLDP-Hold 3-Overweight overall= CB
BDC-Hold 3-Overweight overall= CB
BXP-Hold 3-Overweight overall= CB
BFAM-Hold 3-Overweight overall= CB
CACI-Hold 3-Overweight overall= CB
CSU-Hold 3-Buy overall= CA
CAVM-Hold 3-Overweight overall= CB
CDW-Hold 3-Overweight overall= CB
CEVA-Hold 3-Buy overall= CA
CF-Buy 2-Overweight overall= BB
CLVS-Buy 2-Overweight overall= BB
CTSH-Buy 2-Overweight overall= BB
COMM-Buy 2-Overweight overall= BB
CFMS-Buy 2-Overweight overall= BB
CRHM-Hold 3-Overweight overall= CB
CRTO-Hold 3-Overweight overall= CB
CCRN-Hold 3-Buy overall= CA
CSGS-Hold 3-Overweight overall= CB
UAN-Hold 3-Overweight overall= CB
CVRR-Buy 2-Hold overall= BC
DWCH-Hold 3-Overweight overall= CB
DENN-Hold 3-Buy overall= CA
DXCM-Hold 3-Overweight overall= CB
DX-Buy 2-Hold overall= BC
EE-Hold 3-Overweight overall= CB
ESIO-Hold 3-Buy overall= CA
ERII-Hold 3-Buy overall= CA
ENTL-Buy 2-Overweight overall= BB
EQIX-Hold 3-Buy overall= CA
ESS-Hold 3-Overweight overall= CB
EL-Buy 2-Overweight overall= BB
EXEL-Buy 2-Overweight overall= BB
EXR-Buy 2-Hold overall= BC
FB-Strong Buy 1-Buy overall= AA
FICO-Buy 2-Overweight overall= BB
FRT-Hold 3-Overweight overall= CB
FOE-Buy 2-Buy overall= BA
FEYE-Hold 3-Overweight overall= CB
FLT-Buy 2-Buy overall= BA
FOXF-Buy 2-Hold overall= BC
GNRC-Buy 2-Overweight overall= BB
GLUU-Buy 2-Overweight overall= BB
GSS-Buy 2-Overweight overall= BB
GPRO-Strong Buy 1-Hold overall= AC
LOPE-Hold 3-Buy overall= CA
GXP-Buy 2-Overweight overall= BB
GPOR-Hold 3-Overweight overall= CB
HBI-Buy 2-Overweight overall= BB
HASI-Hold 3-Overweight overall= CB
HIIQ-Strong Buy 1-Buy overall= AA
HF-Hold 3-Overweight overall= CB
HFC-Buy 2-Hold overall= BC
HUBS-Strong Buy 1-Buy overall= AA
HBM-Buy 2-Overweight overall= BB
HURN-Hold 3-Overweight overall= CB
PI-Buy 2-Overweight overall= BB
NGVT-Buy 2-Buy overall= BA
NSP-Hold 3-Overweight overall= CB
INXN-Strong Buy 1-Buy overall= AA
IRTC-Hold 3-Overweight overall= CB
ITRI-Buy 2-Overweight overall= BB
JCAP-Buy 2-Overweight overall= BB
FRAC-Buy 2-Overweight overall= BB
LQ-Buy 2-Hold overall= BC
LPI-Buy 2-Overweight overall= BB
LNC-Buy 2-Overweight overall= BB
LFUS-Buy 2-Hold overall= BC
LPSN-Hold 3-Buy overall= CA
LITE-Hold 3-Overweight overall= CB
MIC-Strong Buy 1-Buy overall= AA
MGLN-Hold 3-Overweight overall= CB
MX-Hold 3-Overweight overall= CB
MMYT-Hold 3-Overweight overall= CB
TUSK-Buy 2-Overweight overall= BB
MN-Buy 2-Hold overall= BC
MANT-Buy 2-Hold overall= BC
MRO-Hold 3-Overweight overall= CB
MDU-Buy 2-Hold overall= BC
MET-Hold 3-Overweight overall= CB
TAP-Hold 3-Overweight overall= CB
MWA-Hold 3-Overweight overall= CB
NEWT-Hold 3-Overweight overall= CB
NI-Buy 2-Overweight overall= BB
NMIH-Strong Buy 1-Buy overall= AA
NVMI-Strong Buy 1-Buy overall= AA
OCLR-Hold 3-Buy overall= CA
OSUR-Buy 2-Buy overall= BA
ORBK-Hold 3-Buy overall= CA
OTTR-Hold 3-Overweight overall= CB
PKD-Hold 3-Overweight overall= CB
PQ-Buy 2-Overweight overall= BB
PDM-Buy 2-Hold overall= BC
PXD-Hold 3-Buy overall= CA
PBI-Hold 3-Overweight overall= CB
PUMP-Hold 3-Buy overall= CA
PRU-Buy 2-Overweight overall= BB
QTWO-Hold 3-Buy overall= CA
QCOM-Buy 2-Overweight overall= BB
QDEL-Buy 2-Overweight overall= BB
QUOT-Hold 3-Buy overall= CA
RDWR-Hold 3-Buy overall= CA
REG-Buy 2-Overweight overall= BB
RXN-Hold 3-Overweight overall= CB
RDC-Buy 2-Overweight overall= BB
SBRA-Hold 3-Overweight overall= CB
SD-Buy 2-Overweight overall= BB
SGMS-Hold 3-Overweight overall= CB
SBGI-Buy 2-Buy overall= BA
SODA-Hold 3-Overweight overall= CB
SP-Hold 3-Buy overall= CA
SPAR-Buy 2-Buy overall= BA
SEP-Hold 3-Overweight overall= CB
SPR-Buy 2-Overweight overall= BB
FLOW-Buy 2-Overweight overall= BB
STE-Buy 2-Overweight overall= BB
STRA-Hold 3-Overweight overall= CB
SCMP-Hold 3-Overweight overall= CB
TDOC-Hold 3-Buy overall= CA
TEX-Buy 2-Hold overall= BC
TRI-Hold 3-Overweight overall= CB
TACT-Hold 3-Buy overall= CA
VIAV-Hold 3-Overweight overall= CB
WTS-Hold 3-Overweight overall= CB
WSTL-Hold 3-Buy overall= CA
WEX-Buy 2-Overweight overall= BB
WSR-Hold 3-Overweight overall= CB
WMB-Hold 3-Overweight overall= CB
WPX-Hold 3-Overweight overall= CB
XPO-Hold 3-Buy overall= CA
YELP-Hold 3-Overweight overall= CB
ZEN-Hold 3-Buy overall= CA
ZBH-Hold 3-Overweight overall= CB
