Rating not found for stock REPORT
SHLM-Strong Buy 1-Overweightoverall= AB
AGNC-Strong Buy 1-Holdoverall= AC
zacks
AEM-Hold 3-Overweightoverall= CB
zacks
AMSF-Hold 3-Overweightoverall= CB
zacks
AMGN-Hold 3-Overweightoverall= CB
APH-Buy 2-Overweightoverall= BB
zacks
ANIK-Hold 3-Overweightoverall= CB
zacks
ANTM-Hold 3-Overweightoverall= CB
zacks
AUDC-Hold 3-Buyoverall= CA
AVX-Strong Buy 1-Holdoverall= AC
zacks
AXTI-Hold 3-Overweightoverall= CB
zacks
BANR-Hold 3-Overweightoverall= CB
zacks
ABX-Hold 3-Overweightoverall= CB
BAX-Buy 2-Overweightoverall= BB
zacks
BLKB-Hold 3-Overweightoverall= CB
BA-Buy 2-Overweightoverall= BB
zacks
BOFI-Hold 3-Buyoverall= CA
BCO-Strong Buy 1-Buyoverall= AA
zacks
ELY-Hold 3-Overweightoverall= CB
zacks
CSV-Hold 3-Buyoverall= CA
zacks
CSLT-Hold 3-Overweightoverall= CB
zacks
CATY-Hold 3-Overweightoverall= CB
KO-Buy 2-Overweightoverall= BB
zacks
CDE-Hold 3-Overweightoverall= CB
zacks
CLGX-Hold 3-Overweightoverall= CB
zacks
CUZ-Hold 3-Overweightoverall= CB
zacks
CPF-Hold 3-Overweightoverall= CB
CW-Buy 2-Overweightoverall= BB
CUBI-Strong Buy 1-Overweightoverall= AB
DLR-Buy 2-Overweightoverall= BB
zacks
DLB-Hold 3-Overweightoverall= CB
zacks
DTE-Hold 3-Overweightoverall= CB
zacks
DRE-Hold 3-Overweightoverall= CB
zacks
FFWM-Hold 3-Overweightoverall= CB
zacks
FR-Hold 3-Overweightoverall= CB
zacks
FSV-Hold 3-Overweightoverall= CB
zacks
FLIR-Hold 3-Overweightoverall= CB
zacks
FORR-Hold 3-Overweightoverall= CB
FCX-Buy 2-Holdoverall= BC
zacks
GDI-Hold 3-Buyoverall= CA
zacks
GD-Hold 3-Overweightoverall= CB
zacks
GG-Hold 3-Overweightoverall= CB
GGG-Strong Buy 1-Holdoverall= AC
zacks
GHM-Hold 3-Overweightoverall= CB
zacks
HES-Hold 3-Overweightoverall= CB
zacks
HBAN-Hold 3-Overweightoverall= CB
zacks
IR-Hold 3-Overweightoverall= CB
zacks
TILE-Hold 3-Overweightoverall= CB
zacks
IP-Hold 3-Overweightoverall= CB
zacks
KS-Hold 3-Overweightoverall= CB
zacks
KIM-Hold 3-Overweightoverall= CB
KN-Buy 2-Overweightoverall= BB
LH-Buy 2-Overweightoverall= BB
LSTR-Buy 2-Holdoverall= BC
zacks
LVS-Hold 3-Overweightoverall= CB
LEA-Strong Buy 1-Holdoverall= AC
zacks
LM-Hold 3-Overweightoverall= CB
zacks
LAD-Hold 3-Overweightoverall= CB
zacks
LOB-Hold 3-Overweightoverall= CB
zacks
MHO-Hold 3-Buyoverall= CA
MMLP-Buy 2-Overweightoverall= BB
zacks
MMSI-Hold 3-Buyoverall= CA
MEOH-Buy 2-Overweightoverall= BB
zacks
MAA-Hold 3-Overweightoverall= CB
zacks
MC-Hold 3-Overweightoverall= CB
zacks
NDAQ-Hold 3-Overweightoverall= CB
BABY-Buy 2-Overweightoverall= BB
zacks
NLSN-Hold 3-Overweightoverall= CB
NOC-Buy 2-Overweightoverall= BB
zacks
NTRI-Hold 3-Buyoverall= CA
zacks
ASGN-Hold 3-Buyoverall= CA
zacks
ORLY-Hold 3-Overweightoverall= CB
OC-Strong Buy 1-Overweightoverall= AB
PKG-Buy 2-Holdoverall= BC
zacks
BTU-Hold 3-Buyoverall= CA
zacks
PAG-Hold 3-Overweightoverall= CB
PRAH-Strong Buy 1-Overweightoverall= AB
zacks
PTC-Hold 3-Overweightoverall= CB
zacks
QEP-Hold 3-Overweightoverall= CB
RJF-Buy 2-Overweightoverall= BB
RES-Buy 2-Overweightoverall= BB
RUSHA-Buy 2-Holdoverall= BC
zacks
SRPT-Hold 3-Buyoverall= CA
zacks
SEIC-Hold 3-Overweightoverall= CB
zacks
NOW-Hold 3-Buyoverall= CA
SMED-Buy 2-Buyoverall= BA
SLAB-Buy 2-Overweightoverall= BB
zacks
SJW-Hold 3-Buyoverall= CA
zacks
SKYW-Hold 3-Overweightoverall= CB
AOS-Buy 2-Overweightoverall= BB
zacks
SSNC-Hold 3-Buyoverall= CA
SU-Buy 2-Overweightoverall= BB
zacks
TER-Hold 3-Overweightoverall= CB
TMO-Buy 2-Buyoverall= BA
TKR-Buy 2-Overweightoverall= BB
zacks
CLUB-Hold 3-Buyoverall= CA
zacks
TPH-Hold 3-Overweightoverall= CB
zacks
TRN-Hold 3-Overweightoverall= CB
zacks
TYL-Hold 3-Buyoverall= CA
zacks
UCTT-Hold 3-Overweightoverall= CB
zacks
UCBI-Hold 3-Overweightoverall= CB
UNM-Buy 2-Holdoverall= BC
zacks
VLY-Hold 3-Overweightoverall= CB
zacks
VRTX-Hold 3-Overweightoverall= CB
zacks
V-Hold 3-Buyoverall= CA
zacks
WCN-Hold 3-Buyoverall= CA
zacks
WSO-Hold 3-Overweightoverall= CB
WLL-Buy 2-Holdoverall= BC
zacks
WYN-Hold 3-Overweightoverall= CB
