Rating not found for stock REPORT
zacks
ABBV-Hold 3-Overweight overall= CB
B-Strong Buy 1-Overweight overall= AB
BVN-Buy 2-Hold overall= BC
CCJ-Buy 2-Overweight overall= BB
zacks
CVX-Hold 3-Overweight overall= CB
zacks
CIVB-Hold 3-Overweight overall= CB
CL-Buy 2-Hold overall= BC
zacks
GVA-Hold 3-Buy overall= CA
HUN-Buy 2-Buy overall= BA
LECO-Buy 2-Hold overall= BC
LYB-Buy 2-Hold overall= BC
zacks
MRK-Hold 3-Overweight overall= CB
zacks
MDXG-Hold 3-Overweight overall= CB
NRZ-Strong Buy 1-Buy overall= AA
zacks
PSX-Hold 3-Overweight overall= CB
zacks
PSXP-Hold 3-Overweight overall= CB
zacks
PFS-Hold 3-Overweight overall= CB
COL-Buy 2-Hold overall= BC
RBS-Buy 2-Hold overall= BC
zacks
SAIA-Hold 3-Overweight overall= CB
SC-Buy 2-Overweight overall= BB
zacks
SIR-Hold 3-Overweight overall= CB
SPG-Buy 2-Overweight overall= BB
zacks
SOHU-Hold 3-Overweight overall= CB
zacks
TEN-Hold 3-Overweight overall= CB
GT-Buy 2-Overweight overall= BB
zacks
TOT-Hold 3-Overweight overall= CB
TRU-Buy 2-Overweight overall= BB
zacks
VNTR-Hold 3-Buy overall= CA
WY-Buy 2-Overweight overall= BB
zacks
WNS-Hold 3-Buy overall= CA
