Rating not found for stock REPO
ARAY-Buy 2-Hold
ATI-Hold 3-Overweight
ABTX-Hold 3-Overweight
AMP-Buy 2-Overweight
AXE-Hold 3-Overweight
AI-Hold 3-Overweight
BIIB-Hold 3-Overweight
CNI-Hold 3-Overweight
CAJ-Strong Buy 1-Hold
COF-Hold 3-Overweight
BXMT-Hold 3-Overweight
CAT-Buy 2-Overweight
CNC-Strong Buy 1-Overweight
CHFC-Buy 2-Overweight
CIT-Strong Buy 1-Overweight
CVLT-Hold 3-Buy
CTG-Hold 3-Overweight
EW-Hold 3-Overweight
LLY-Hold 3-Overweight
FCB-Hold 3-Overweight
FCAU-Buy 2-Hold
FITB-Buy 2-Hold
FBC-Hold 3-Overweight
GM-Hold 3-Overweight
GPK-Buy 2-Buy
HTA-Buy 2-Overweight
HIW-Hold 3-Overweight
HLI-Strong Buy 1-Overweight
HUBB-Hold 3-Overweight
ILMN-Hold 3-Overweight
IPG-Hold 3-Overweight
IRBT-Buy 2-Hold
LTXB-Buy 2-Overweight
MAS-Hold 3-Overweight
MCD-Buy 2-Overweight
MRCY-Hold 3-Overweight
MSL-Buy 2-Overweight
MKSI-Buy 2-Overweight
NBR-Hold 3-Overweight
EDU-Buy 2-Buy
NVS-Hold 3-Overweight
ONB-Buy 2-Overweight
PCAR-Buy 2-Overweight
PPBI-Hold 3-Overweight
PII-Buy 2-Hold
PFBC-Hold 3-Buy
PSB-Buy 2-Hold
PHM-Hold 3-Overweight
QTS-Buy 2-Overweight
RRC-Buy 2-Overweight
RGC-Hold 3-Overweight
R-Buy 2-Overweight
SHW-Hold 3-Overweight
SSB-Hold 3-Overweight
SWK-Buy 2-Overweight
STL-Strong Buy 1-Buy
AMTD-Buy 2-Overweight
TXN-Strong Buy 1-Overweight
TSS-Buy 2-Overweight
TRNS-Hold 3-Buy
VNOM-Strong Buy 1-Buy
WAT-Buy 2-Hold
WAB-Buy 2-Overweight
ZIXI-Hold 3-Overweight
AMP Zack Rank Buy 2 Wsj Average price Average price=$150.00 current price= $154.12
CAJ Zack Rank Strong Buy 1 Wsj Average price Average price=$34.99 current price= $35.78
CAT Zack Rank Buy 2 Wsj Average price Average price=$130.24 current price= $131.36
CNC Zack Rank Strong Buy 1 Wsj Average price Average price=$106.40 current price= $96.50
CHFC Zack Rank Buy 2 Wsj Average price Average price=$54.44 current price= $54.02
CIT Zack Rank Strong Buy 1 Wsj Average price Average price=$50.33 current price= $49.91
ESRX Zack Rank Buy 2 Wsj Average price Average price=$68.87 current price= $59.51
FCAU Zack Rank Strong Buy 1 Wsj Average price Average price=13.78 current price= $16.72
FITB Zack Rank Buy 2 Wsj Average price Average price=$28.08 current price= $28.60
GPK Zack Rank Buy 2 Wsj Average price Average price=$15.91 current price= $14.28
HTA Zack Rank Buy 2 Wsj Average price Average price=$34.04 current price= $29.77
HBCP Zack Rank Strong Buy 1 Wsj Average price Average price=$46.00 current price= $42.00
HLI Zack Rank Strong Buy 1 Wsj Average price Average price=$41.57 current price= $41.56
LTXB Zack Rank Buy 2 Wsj Average price Average price=$43.39 current price= $39.47
MCD Zack Rank Buy 2 Wsj Average price Average price=$172.86 current price= $166.30
MKSI Zack Rank Strong Buy 1 Wsj Average price Average price=$100.43 current price= $101.10
EDU Zack Rank Buy 2 Wsj Average price Average price=$100.97 current price= $92.75
ONB Zack Rank Buy 2 Wsj Average price Average price=$18.69 current price= $18.60
PCAR Zack Rank Buy 2 Wsj Average price Average price=$76.48 current price= $74.92
PII Zack Rank Buy 2 Wsj Average price Average price=$99.13 current price= $106.46
PSB Zack Rank Buy 2 Wsj Average price Average price=$127.00 current price= $134.25
QTS Zack Rank Buy 2 Wsj Average price Average price=$58.47 current price= $54.92
RRC Zack Rank Buy 2 Wsj Average price Average price=$29.58 current price= $18.86
R Zack Rank Buy 2 Wsj Average price Average price=$87.25 current price= $83.65
SWK Zack Rank Buy 2 Wsj Average price Average price=$167.41 current price= $160.12
STL Zack Rank Strong Buy 1 Wsj Average price Average price=$28.63 current price= $24.80
AMTD Zack Rank Buy 2 Wsj Average price Average price=$50.70 current price= $48.27
TXN Zack Rank Buy 2 Wsj Average price Average price=$91.14 current price= $95.18
TSS Zack Rank Buy 2 Wsj Average price Average price=$69.64 current price= $67.88
VNOM Zack Rank Strong Buy 1 Wsj Average price Average price=$21.83 current price= $18.63
WDR Zack Rank Buy 2 Wsj Average price Average price=$18.39 current price= $20.59
WAT Zack Rank Buy 2 Wsj Average price Average price=$189.21 current price= $188.14
WAB Zack Rank Buy 2 Wsj Average price Average price=$84.45 current price= $76.87
