Rating not found for stock REPORT
zacks
EGHT-Hold 3-Overweight overall= CB
ATEN-Buy 2-Overweight overall= BB
APD-Buy 2-Overweight overall= BB
zacks
ALXN-Hold 3-Buy overall= CA
zacks
ALGN-Hold 3-Buy overall= CA
zacks
ALKS-Hold 3-Overweight overall= CB
ALLE-Buy 2-Overweight overall= BB
zacks
GOOGL-Hold 3-Buy overall= CA
zacks
MO-Hold 3-Overweight overall= CB
zacks
ABEV-Hold 3-Overweight overall= CB
zacks
AIV-Hold 3-Overweight overall= CB
zacks
APEN-Hold 3-Buy overall= CA
ARD-Buy 2-Overweight overall= BB
ALV-Buy 2-Hold overall= BC
AVT-Buy 2-Hold overall= BC
BIDU-Buy 2-Overweight overall= BB
zacks
BANC-Hold 3-Overweight overall= CB
SAN-Buy 2-Overweight overall= BB
BIVV-Buy 2-Overweight overall= BB
zacks
BCOR-Hold 3-Buy overall= CA
BWA-Buy 2-Hold overall= BC
BSX-Buy 2-Overweight overall= BB
zacks
BYD-Hold 3-Overweight overall= CB
zacks
BCOV-Hold 3-Overweight overall= CB
zacks
BMY-Hold 3-Overweight overall= CB
zacks
BBW-Hold 3-Buy overall= CA
zacks
BY-Hold 3-Overweight overall= CB
zacks
CCMP-Hold 3-Overweight overall= CB
zacks
CDNS-Hold 3-Overweight overall= CB
zacks
CPT-Hold 3-Overweight overall= CB
CRS-Strong Buy 1-Overweight overall= AB
CRI-Buy 2-Overweight overall= BB
zacks
CELG-Hold 3-Overweight overall= CB
zacks
CENX-Hold 3-Overweight overall= CB
CERN-Buy 2-Overweight overall= BB
zacks
GTLS-Hold 3-Overweight overall= CB
zacks
CLPR-Hold 3-Buy overall= CA
CLD-Buy 2-Hold overall= BC
zacks
CME-Hold 3-Overweight overall= CB
zacks
COLB-Hold 3-Overweight overall= CB
zacks
COLM-Hold 3-Overweight overall= CB
zacks
CMCSA-Hold 3-Buy overall= CA
zacks
FIX-Hold 3-Overweight overall= CB
CMC-Buy 2-Overweight overall= BB
zacks
COP-Hold 3-Overweight overall= CB
zacks
CSTM-Hold 3-Overweight overall= CB
COR-Buy 2-Overweight overall= BB
CVA-Buy 2-Overweight overall= BB
zacks
CRAI-Hold 3-Overweight overall= CB
zacks
CPG-Hold 3-Overweight overall= CB
zacks
CUBE-Hold 3-Overweight overall= CB
zacks
CY-Hold 3-Overweight overall= CB
zacks
CYTK-Hold 3-Buy overall= CA
DAN-Strong Buy 1-Hold overall= AC
DECK-Strong Buy 1-Hold overall= AC
zacks
DGII-Hold 3-Buy overall= CA
zacks
DMRC-Hold 3-Buy overall= CA
zacks
BOOM-Hold 3-Overweight overall= CB
zacks
EHTH-Hold 3-Overweight overall= CB
zacks
EGO-Hold 3-Overweight overall= CB
zacks
ELLI-Hold 3-Overweight overall= CB
zacks
EME-Hold 3-Overweight overall= CB
zacks
ESV-Hold 3-Overweight overall= CB
ENTG-Strong Buy 1-Overweight overall= AB
zacks
EQT-Hold 3-Overweight overall= CB
zacks
EQGP-Hold 3-Overweight overall= CB
zacks
EQM-Hold 3-Buy overall= CA
zacks
EVR-Hold 3-Overweight overall= CB
zacks
EXLS-Hold 3-Overweight overall= CB
zacks
FARO-Hold 3-Overweight overall= CB
FII-Buy 2-Hold overall= BC
zacks
FAF-Hold 3-Overweight overall= CB
zacks
FRME-Hold 3-Overweight overall= CB
zacks
FSLR-Hold 3-Overweight overall= CB
zacks
FE-Hold 3-Overweight overall= CB
zacks
FLEX-Hold 3-Buy overall= CA
zacks
FTNT-Hold 3-Overweight overall= CB
FTV-Buy 2-Overweight overall= BB
BEN-Buy 2-Hold overall= BC
zacks
GLPI-Hold 3-Overweight overall= CB
zacks
GLOP-Hold 3-Buy overall= CA
zacks
GIMO-Hold 3-Overweight overall= CB
zacks
GILD-Hold 3-Overweight overall= CB
zacks
HEES-Hold 3-Overweight overall= CB
zacks
HBIO-Hold 3-Buy overall= CA
zacks
HLS-Hold 3-Overweight overall= CB
zacks
HFWA-Hold 3-Overweight overall= CB
HSY-Buy 2-Hold overall= BC
zacks
HESM-Hold 3-Buy overall= CA
zacks
HLT-Hold 3-Overweight overall= CB
ICLR-Buy 2-Overweight overall= BB
IART-Buy 2-Overweight overall= BB
INTC-Strong Buy 1-Overweight overall= AB
zacks
IDCC-Hold 3-Overweight overall= CB
zacks
IRDM-Hold 3-Overweight overall= CB
zacks
LRN-Hold 3-Buy overall= CA
zacks
KAMN-Hold 3-Overweight overall= CB
KLAC-Strong Buy 1-Overweight overall= AB
LAWS-Buy 2-Overweight overall= BB
LAZ-Buy 2-Overweight overall= BB
zacks
LMAT-Hold 3-Overweight overall= CB
zacks
TREE-Hold 3-Buy overall= CA
zacks
LKQ-Hold 3-Overweight overall= CB
zacks
LOGM-Hold 3-Buy overall= CA
zacks
LPLA-Hold 3-Overweight overall= CB
zacks
MPC-Hold 3-Overweight overall= CB
zacks
MRLN-Hold 3-Overweight overall= CB
MMC-Buy 2-Overweight overall= BB
zacks
MDSO-Hold 3-Overweight overall= CB
zacks
MSFT-Hold 3-Overweight overall= CB
MB-Buy 2-Buy overall= BA
zacks
MPWR-Hold 3-Buy overall= CA
zacks
MPLX-Hold 3-Buy overall= CA
zacks
MULE-Hold 3-Overweight overall= CB
zacks
NATI-Hold 3-Overweight overall= CB
zacks
NCI-Hold 3-Overweight overall= CB
zacks
NTCT-Hold 3-Overweight overall= CB
NEM-Buy 2-Overweight overall= BB
zacks
NEP-Hold 3-Overweight overall= CB
zacks
NEE-Hold 3-Overweight overall= CB
zacks
NOK-Hold 3-Overweight overall= CB
zacks
NVCR-Hold 3-Buy overall= CA
DCM-Buy 2-Overweight overall= BB
zacks
OCFC-Hold 3-Buy overall= CA
zacks
OIS-Hold 3-Overweight overall= CB
ODFL-Buy 2-Hold overall= BC
zacks
OMCL-Hold 3-Overweight overall= CB
zacks
ORAN-Hold 3-Overweight overall= CB
OSIS-Buy 2-Buy overall= BA
zacks
PATK-Hold 3-Overweight overall= CB
PTEN-Buy 2-Overweight overall= BB
zacks
PDFS-Hold 3-Overweight overall= CB
PENN-Buy 2-Overweight overall= BB
PF-Buy 2-Buy overall= BA
zacks
POWI-Hold 3-Overweight overall= CB
zacks
PSMT-Hold 3-Overweight overall= CB
PFG-Buy 2-Overweight overall= BB
zacks
PRO-Hold 3-Overweight overall= CB
zacks
Q-Hold 3-Overweight overall= CB
zacks
RDN-Hold 3-Buy overall= CA
RTN-Buy 2-Buy overall= BA
RGA-Buy 2-Hold overall= BC
zacks
RS-Hold 3-Overweight overall= CB
QSR-Buy 2-Overweight overall= BB
SPGI-Buy 2-Overweight overall= BB
zacks
SFE-Hold 3-Buy overall= CA
zacks
SBCF-Hold 3-Overweight overall= CB
zacks
SGEN-Hold 3-Overweight overall= CB
zacks
SIMO-Hold 3-Buy overall= CA
zacks
SPSC-Hold 3-Overweight overall= CB
zacks
SMP-Hold 3-Overweight overall= CB
zacks
SYK-Hold 3-Overweight overall= CB
zacks
SXCP-Hold 3-Overweight overall= CB
zacks
SXC-Hold 3-Overweight overall= CB
zacks
SGC-Hold 3-Buy overall= CA
zacks
SIVB-Hold 3-Overweight overall= CB
TROW-Strong Buy 1-Hold overall= AC
zacks
TAL-Hold 3-Buy overall= CA
TGB-Buy 2-Hold overall= BC
TECK-Buy 2-Buy overall= BA
zacks
TBBK-Hold 3-Overweight overall= CB
zacks
TMST-Hold 3-Overweight overall= CB
zacks
TVTY-Hold 3-Buy overall= CA
zacks
TRMB-Hold 3-Overweight overall= CB
zacks
TRIB-Hold 3-Buy overall= CA
zacks
UNP-Hold 3-Overweight overall= CB
ULH-Buy 2-Overweight overall= BB
zacks
VALE-Hold 3-Overweight overall= CB
VLO-Buy 2-Overweight overall= BB
zacks
VR-Hold 3-Overweight overall= CB
zacks
VNTV-Hold 3-Overweight overall= CB
zacks
VDSI-Hold 3-Buy overall= CA
zacks
VVI-Hold 3-Overweight overall= CB
VSH-Strong Buy 1-Hold overall= AC
zacks
VC-Hold 3-Overweight overall= CB
VCRA-Buy 2-Buy overall= BA
zacks
WRE-Hold 3-Overweight overall= CB
zacks
WCC-Hold 3-Overweight overall= CB
zacks
WST-Hold 3-Overweight overall= CB
zacks
WDC-Hold 3-Buy overall= CA
zacks
WWE-Hold 3-Overweight overall= CB
