AET-Hold 3-Overweight overall= CB
AKS-Hold 3-Overweight overall= CB
AMRC-Hold 3-Buy overall= CA
AAT-Hold 3-Overweight overall= CB
AMT-Hold 3-Buy overall= CA
APC-Hold 3-Overweight overall= CB
WTR-Hold 3-Overweight overall= CB
ARCH-Hold 3-Buy overall= CA
AHH-Hold 3-Overweight overall= CB
APAM-Buy 2-Hold overall= BC
BGS-Buy 2-Overweight overall= BB
BKU-Hold 3-Overweight overall= CB
BBG-Buy 2-Hold overall= BC
TECH-Hold 3-Overweight overall= CB
BP-Hold 3-Overweight overall= CB
BWEN-Hold 3-Overweight overall= CB
CHRW-Buy 2-Hold overall= BC
CBT-Buy 2-Overweight overall= BB
CPLA-Hold 3-Overweight overall= CB
CDK-Buy 2-Overweight overall= BB
CLDT-Buy 2-Hold overall= BC
CHKP-Hold 3-Overweight overall= CB
CNHI-Buy 2-Hold overall= BC
CIGI-Hold 3-Buy overall= CA
CMCO-Hold 3-Buy overall= CA
CXO-Hold 3-Buy overall= CA
CPS-Hold 3-Overweight overall= CB
CMI-Buy 2-Hold overall= BC
DVN-Hold 3-Overweight overall= CB
EA-Buy 2-Overweight overall= BB
ESRT-Buy 2-Overweight overall= BB
ENLC-Buy 2-Hold overall= BC
EXAS-Strong Buy 1-Overweight overall= AB
FIS-Hold 3-Overweight overall= CB
FFIC-Hold 3-Overweight overall= CB
FORM-Hold 3-Buy overall= CA
FSP-Hold 3-Overweight overall= CB
GGP-Hold 3-Overweight overall= CB
GOOD-Hold 3-Overweight overall= CB
GLT-Hold 3-Overweight overall= CB
GPT-Hold 3-Overweight overall= CB
HRS-Strong Buy 1-Buy overall= AA
HCLP-Hold 3-Buy overall= CA
HZN-Hold 3-Overweight overall= CB
IDXX-Buy 2-Overweight overall= BB
IIVI-Hold 3-Buy overall= CA
INCY-Hold 3-Overweight overall= CB
IRT-Hold 3-Overweight overall= CB
IPHS-Hold 3-Overweight overall= CB
IPHI-Hold 3-Buy overall= CA
IPGP-Hold 3-Overweight overall= CB
KAR-Buy 2-Overweight overall= BB
KBR-Hold 3-Overweight overall= CB
KFRC-Hold 3-Overweight overall= CB
LBY-Buy 2-Overweight overall= BB
LDL-Hold 3-Buy overall= CA
WLH-Hold 3-Overweight overall= CB
MASI-Hold 3-Overweight overall= CB
MA-Buy 2-Overweight overall= BB
MGRC-Hold 3-Overweight overall= CB
MOD-Strong Buy 1-Buy overall= AA
TYPE-Hold 3-Overweight overall= CB
MSM-Hold 3-Overweight overall= CB
NFX-Hold 3-Overweight overall= CB
NXRT-Hold 3-Overweight overall= CB
OKE-Buy 2-Overweight overall= BB
OSK-Buy 2-Overweight overall= BB
OXFD-Hold 3-Buy overall= CA
PAYC-Hold 3-Overweight overall= CB
PFE-Hold 3-Overweight overall= CB
PLT-Hold 3-Overweight overall= CB
PEG-Buy 2-Overweight overall= BB
QLYS-Hold 3-Overweight overall= CB
QUMU-Hold 3-Overweight overall= CB
RCM-Hold 3-Overweight overall= CB
RGS-Hold 3-Buy overall= CA
RPAI-Hold 3-Overweight overall= CB
REXR-Hold 3-Overweight overall= CB
SENS-Hold 3-Buy overall= CA
SERV-Hold 3-Overweight overall= CB
SHOP-Hold 3-Overweight overall= CB
RGR-Hold 3-Overweight overall= CB
TX-Hold 3-Overweight overall= CB
CG-Hold 3-Overweight overall= CB
X-Hold 3-Overweight overall= CB
VRSK-Hold 3-Overweight overall= CB
VOYA-Buy 2-Overweight overall= BB
WNC-Strong Buy 1-Hold overall= AC
WCG-Hold 3-Overweight overall= CB
WGP-Hold 3-Overweight overall= CB
WES-Hold 3-Overweight overall= CB
XYL-Buy 2-Overweight overall= BB
